0 info it worked if it ends with ok
1 verbose cli [ '/usr/local/bin/node',
1 verbose cli   '/usr/local/bin/npm',
1 verbose cli   'view',
1 verbose cli   'react=router',
1 verbose cli   'version' ]
2 info using npm@2.15.5
3 info using node@v4.4.5
4 silly mapToRegistry name 05_24-11-2016_reactjs_server-side-transpilation
5 silly mapToRegistry using default registry
6 silly mapToRegistry registry https://registry.npmjs.org/
7 silly mapToRegistry data Result {
7 silly mapToRegistry   raw: '05_24-11-2016_reactjs_server-side-transpilation',
7 silly mapToRegistry   scope: null,
7 silly mapToRegistry   name: '05_24-11-2016_reactjs_server-side-transpilation',
7 silly mapToRegistry   rawSpec: '',
7 silly mapToRegistry   spec: 'latest',
7 silly mapToRegistry   type: 'tag' }
8 silly mapToRegistry uri https://registry.npmjs.org/05_24-11-2016_reactjs_server-side-transpilation
9 verbose request uri https://registry.npmjs.org/05_24-11-2016_reactjs_server-side-transpilation
10 verbose request no auth needed
11 info attempt registry request try #1 at 4:28:06 PM
12 verbose request id 79e0533c22f98d85
13 http request GET https://registry.npmjs.org/05_24-11-2016_reactjs_server-side-transpilation
14 http 404 https://registry.npmjs.org/05_24-11-2016_reactjs_server-side-transpilation
15 verbose headers { 'content-type': 'application/json',
15 verbose headers   'cache-control': 'max-age=0',
15 verbose headers   'content-length': '2',
15 verbose headers   'accept-ranges': 'bytes',
15 verbose headers   date: 'Sat, 10 Dec 2016 14:28:08 GMT',
15 verbose headers   via: '1.1 varnish',
15 verbose headers   age: '0',
15 verbose headers   connection: 'keep-alive',
15 verbose headers   'x-served-by': 'cache-fra1220-FRA',
15 verbose headers   'x-cache': 'MISS',
15 verbose headers   'x-cache-hits': '0',
15 verbose headers   'x-timer': 'S1481380088.240201,VS0,VE412',
15 verbose headers   vary: 'Accept-Encoding' }
16 silly get cb [ 404,
16 silly get   { 'content-type': 'application/json',
16 silly get     'cache-control': 'max-age=0',
16 silly get     'content-length': '2',
16 silly get     'accept-ranges': 'bytes',
16 silly get     date: 'Sat, 10 Dec 2016 14:28:08 GMT',
16 silly get     via: '1.1 varnish',
16 silly get     age: '0',
16 silly get     connection: 'keep-alive',
16 silly get     'x-served-by': 'cache-fra1220-FRA',
16 silly get     'x-cache': 'MISS',
16 silly get     'x-cache-hits': '0',
16 silly get     'x-timer': 'S1481380088.240201,VS0,VE412',
16 silly get     vary: 'Accept-Encoding' } ]
17 verbose stack Error: Registry returned 404 for GET on https://registry.npmjs.org/05_24-11-2016_reactjs_server-side-transpilation
17 verbose stack     at makeError (/usr/local/lib/node_modules/npm/node_modules/npm-registry-client/lib/request.js:264:12)
17 verbose stack     at CachingRegistryClient.<anonymous> (/usr/local/lib/node_modules/npm/node_modules/npm-registry-client/lib/request.js:242:14)
17 verbose stack     at Request._callback (/usr/local/lib/node_modules/npm/node_modules/npm-registry-client/lib/request.js:172:14)
17 verbose stack     at Request.self.callback (/usr/local/lib/node_modules/npm/node_modules/request/request.js:200:22)
17 verbose stack     at emitTwo (events.js:87:13)
17 verbose stack     at Request.emit (events.js:172:7)
17 verbose stack     at Request.<anonymous> (/usr/local/lib/node_modules/npm/node_modules/request/request.js:1067:10)
17 verbose stack     at emitOne (events.js:82:20)
17 verbose stack     at Request.emit (events.js:169:7)
17 verbose stack     at IncomingMessage.<anonymous> (/usr/local/lib/node_modules/npm/node_modules/request/request.js:988:12)
18 verbose statusCode 404
19 verbose pkgid 05_24-11-2016_reactjs_server-side-transpilation
20 verbose cwd /home/alex/Source/javaScript/jsApplication/12-11-2016_exam
21 error Linux 3.19.0-32-generic
22 error argv "/usr/local/bin/node" "/usr/local/bin/npm" "view" "react=router" "version"
23 error node v4.4.5
24 error npm  v2.15.5
25 error code E404
26 error 404 Registry returned 404 for GET on https://registry.npmjs.org/05_24-11-2016_reactjs_server-side-transpilation
26 error 404
26 error 404 '05_24-11-2016_reactjs_server-side-transpilation' is not in the npm registry.
26 error 404 You should bug the author to publish it (or use the name yourself!)
26 error 404
26 error 404 Note that you can also install from a
26 error 404 tarball, folder, http url, or git url.
27 verbose exit [ 1, true ]
